This is pdfTeX, Version 3.141592653-2.6-1.40.28 (TeX Live 2025) (preloaded format=pdflatex 2025.11.6)  6 NOV 2025 07:51
entering extended mode
 restricted \write18 enabled.
 %&-line parsing enabled.
**03-descriptive_stats.tex
(./03-descriptive_stats.tex
LaTeX2e <2025-11-01>
L3 programming layer <2025-10-24>
(/Users/juergen/Library/TinyTeX/texmf-dist/tex/latex/base/article.cls
Document Class: article 2025/01/22 v1.4n Standard LaTeX document class
(/Users/juergen/Library/TinyTeX/texmf-dist/tex/latex/base/size10.clo
File: size10.clo 2025/01/22 v1.4n Standard LaTeX file (size option)
)
\c@part=\count275
\c@section=\count276
\c@subsection=\count277
\c@subsubsection=\count278
\c@paragraph=\count279
\c@subparagraph=\count280
\c@figure=\count281
\c@table=\count282
\abovecaptionskip=\skip49
\belowcaptionskip=\skip50
\bibindent=\dimen148
) (/Users/juergen/Library/TinyTeX/texmf-dist/tex/latex/xcolor/xcolor.sty
Package: xcolor 2024/09/29 v3.02 LaTeX color extensions (UK)
(/Users/juergen/Library/TinyTeX/texmf-dist/tex/latex/graphics-cfg/color.cfg
File: color.cfg 2016/01/02 v1.6 sample color configuration
)
Package xcolor Info: Driver file: pdftex.def on input line 274.
(/Users/juergen/Library/TinyTeX/texmf-dist/tex/latex/graphics-def/pdftex.def
File: pdftex.def 2025/09/29 v1.2d Graphics/color driver for pdftex
) (/Users/juergen/Library/TinyTeX/texmf-dist/tex/latex/graphics/mathcolor.ltx)
Package xcolor Info: Model `cmy' substituted by `cmy0' on input line 1349.
Package xcolor Info: Model `hsb' substituted by `rgb' on input line 1353.
Package xcolor Info: Model `RGB' extended on input line 1365.
Package xcolor Info: Model `HTML' substituted by `rgb' on input line 1367.
Package xcolor Info: Model `Hsb' substituted by `hsb' on input line 1368.
Package xcolor Info: Model `tHsb' substituted by `hsb' on input line 1369.
Package xcolor Info: Model `HSB' substituted by `hsb' on input line 1370.
Package xcolor Info: Model `Gray' substituted by `gray' on input line 1371.
Package xcolor Info: Model `wave' substituted by `hsb' on input line 1372.
) (/Users/juergen/Library/TinyTeX/texmf-dist/tex/latex/geometry/geometry.sty
Package: geometry 2020/01/02 v5.9 Page Geometry
(/Users/juergen/Library/TinyTeX/texmf-dist/tex/latex/graphics/keyval.sty
Package: keyval 2022/05/29 v1.15 key=value parser (DPC)
\KV@toks@=\toks17
) (/Users/juergen/Library/TinyTeX/texmf-dist/tex/generic/iftex/ifvtex.sty
Package: ifvtex 2019/10/25 v1.7 ifvtex legacy package. Use iftex instead.
(/Users/juergen/Library/TinyTeX/texmf-dist/tex/generic/iftex/iftex.sty
Package: iftex 2024/12/12 v1.0g TeX engine tests
))
\Gm@cnth=\count283
\Gm@cntv=\count284
\c@Gm@tempcnt=\count285
\Gm@bindingoffset=\dimen149
\Gm@wd@mp=\dimen150
\Gm@odd@mp=\dimen151
\Gm@even@mp=\dimen152
\Gm@layoutwidth=\dimen153
\Gm@layoutheight=\dimen154
\Gm@layouthoffset=\dimen155
\Gm@layoutvoffset=\dimen156
\Gm@dimlist=\toks18
) (/Users/juergen/Library/TinyTeX/texmf-dist/tex/latex/amsmath/amsmath.sty
Package: amsmath 2025/07/09 v2.17z AMS math features
\@mathmargin=\skip51
For additional information on amsmath, use the `?' option.
(/Users/juergen/Library/TinyTeX/texmf-dist/tex/latex/amsmath/amstext.sty
Package: amstext 2024/11/17 v2.01 AMS text
(/Users/juergen/Library/TinyTeX/texmf-dist/tex/latex/amsmath/amsgen.sty
File: amsgen.sty 1999/11/30 v2.0 generic functions
\@emptytoks=\toks19
\ex@=\dimen157
)) (/Users/juergen/Library/TinyTeX/texmf-dist/tex/latex/amsmath/amsbsy.sty
Package: amsbsy 1999/11/29 v1.2d Bold Symbols
\pmbraise@=\dimen158
) (/Users/juergen/Library/TinyTeX/texmf-dist/tex/latex/amsmath/amsopn.sty
Package: amsopn 2022/04/08 v2.04 operator names
)
\inf@bad=\count286
LaTeX Info: Redefining \frac on input line 233.
\uproot@=\count287
\leftroot@=\count288
LaTeX Info: Redefining \overline on input line 398.
LaTeX Info: Redefining \colon on input line 409.
\classnum@=\count289
\DOTSCASE@=\count290
LaTeX Info: Redefining \ldots on input line 495.
LaTeX Info: Redefining \dots on input line 498.
LaTeX Info: Redefining \cdots on input line 619.
\Mathstrutbox@=\box53
\strutbox@=\box54
LaTeX Info: Redefining \big on input line 721.
LaTeX Info: Redefining \Big on input line 722.
LaTeX Info: Redefining \bigg on input line 723.
LaTeX Info: Redefining \Bigg on input line 724.
\big@size=\dimen159
LaTeX Font Info:    Redeclaring font encoding OML on input line 742.
LaTeX Font Info:    Redeclaring font encoding OMS on input line 743.
\macc@depth=\count291
LaTeX Info: Redefining \bmod on input line 904.
LaTeX Info: Redefining \pmod on input line 909.
LaTeX Info: Redefining \smash on input line 939.
LaTeX Info: Redefining \relbar on input line 969.
LaTeX Info: Redefining \Relbar on input line 970.
\c@MaxMatrixCols=\count292
\dotsspace@=\muskip17
\c@parentequation=\count293
\dspbrk@lvl=\count294
\tag@help=\toks20
\row@=\count295
\column@=\count296
\maxfields@=\count297
\andhelp@=\toks21
\eqnshift@=\dimen160
\alignsep@=\dimen161
\tagshift@=\dimen162
\tagwidth@=\dimen163
\totwidth@=\dimen164
\lineht@=\dimen165
\@envbody=\toks22
\multlinegap=\skip52
\multlinetaggap=\skip53
\mathdisplay@stack=\toks23
LaTeX Info: Redefining \[ on input line 2950.
LaTeX Info: Redefining \] on input line 2951.
) (/Users/juergen/Library/TinyTeX/texmf-dist/tex/latex/amsfonts/amssymb.sty
Package: amssymb 2013/01/14 v3.01 AMS font symbols
(/Users/juergen/Library/TinyTeX/texmf-dist/tex/latex/amsfonts/amsfonts.sty
Package: amsfonts 2013/01/14 v3.01 Basic AMSFonts support
\symAMSa=\mathgroup4
\symAMSb=\mathgroup5
LaTeX Font Info:    Redeclaring math symbol \hbar on input line 98.
LaTeX Font Info:    Overwriting math alphabet `\mathfrak' in version `bold'
(Font)                  U/euf/m/n --> U/euf/b/n on input line 106.
)) (/Users/juergen/Library/TinyTeX/texmf-dist/tex/latex/base/fontenc.sty
Package: fontenc 2025/07/18 v2.1d Standard LaTeX package
) (/Users/juergen/Library/TinyTeX/texmf-dist/tex/latex/base/inputenc.sty
Package: inputenc 2024/02/08 v1.3d Input encoding file
\inpenc@prehook=\toks24
\inpenc@posthook=\toks25
) (/Users/juergen/Library/TinyTeX/texmf-dist/tex/latex/base/textcomp.sty
Package: textcomp 2024/04/24 v2.1b Standard LaTeX package
) (/Users/juergen/Library/TinyTeX/texmf-dist/tex/latex/lm/lmodern.sty
Package: lmodern 2015/05/01 v1.6.1 Latin Modern Fonts
LaTeX Font Info:    Overwriting symbol font `operators' in version `normal'
(Font)                  OT1/cmr/m/n --> OT1/lmr/m/n on input line 22.
LaTeX Font Info:    Overwriting symbol font `letters' in version `normal'
(Font)                  OML/cmm/m/it --> OML/lmm/m/it on input line 23.
LaTeX Font Info:    Overwriting symbol font `symbols' in version `normal'
(Font)                  OMS/cmsy/m/n --> OMS/lmsy/m/n on input line 24.
LaTeX Font Info:    Overwriting symbol font `largesymbols' in version `normal'
(Font)                  OMX/cmex/m/n --> OMX/lmex/m/n on input line 25.
LaTeX Font Info:    Overwriting symbol font `operators' in version `bold'
(Font)                  OT1/cmr/bx/n --> OT1/lmr/bx/n on input line 26.
LaTeX Font Info:    Overwriting symbol font `letters' in version `bold'
(Font)                  OML/cmm/b/it --> OML/lmm/b/it on input line 27.
LaTeX Font Info:    Overwriting symbol font `symbols' in version `bold'
(Font)                  OMS/cmsy/b/n --> OMS/lmsy/b/n on input line 28.
LaTeX Font Info:    Overwriting symbol font `largesymbols' in version `bold'
(Font)                  OMX/cmex/m/n --> OMX/lmex/m/n on input line 29.
LaTeX Font Info:    Overwriting math alphabet `\mathbf' in version `normal'
(Font)                  OT1/cmr/bx/n --> OT1/lmr/bx/n on input line 31.
LaTeX Font Info:    Overwriting math alphabet `\mathsf' in version `normal'
(Font)                  OT1/cmss/m/n --> OT1/lmss/m/n on input line 32.
LaTeX Font Info:    Overwriting math alphabet `\mathit' in version `normal'
(Font)                  OT1/cmr/m/it --> OT1/lmr/m/it on input line 33.
LaTeX Font Info:    Overwriting math alphabet `\mathtt' in version `normal'
(Font)                  OT1/cmtt/m/n --> OT1/lmtt/m/n on input line 34.
LaTeX Font Info:    Overwriting math alphabet `\mathbf' in version `bold'
(Font)                  OT1/cmr/bx/n --> OT1/lmr/bx/n on input line 35.
LaTeX Font Info:    Overwriting math alphabet `\mathsf' in version `bold'
(Font)                  OT1/cmss/bx/n --> OT1/lmss/bx/n on input line 36.
LaTeX Font Info:    Overwriting math alphabet `\mathit' in version `bold'
(Font)                  OT1/cmr/bx/it --> OT1/lmr/bx/it on input line 37.
LaTeX Font Info:    Overwriting math alphabet `\mathtt' in version `bold'
(Font)                  OT1/cmtt/m/n --> OT1/lmtt/m/n on input line 38.
) (/Users/juergen/Library/TinyTeX/texmf-dist/tex/latex/fancyvrb/fancyvrb.sty
Package: fancyvrb 2025/07/28 4.6 verbatim text (tvz,hv)
\FV@CodeLineNo=\count298
\FV@InFile=\read2
\FV@TabBox=\box55
\c@FancyVerbLine=\count299
\FV@StepNumber=\count300
\FV@OutFile=\write3
) (/Users/juergen/Library/TinyTeX/texmf-dist/tex/latex/framed/framed.sty
Package: framed 2011/10/22 v 0.96: framed or shaded text with page breaks
\OuterFrameSep=\skip54
\fb@frw=\dimen166
\fb@frh=\dimen167
\FrameRule=\dimen168
\FrameSep=\dimen169
) (/Users/juergen/Library/TinyTeX/texmf-dist/tex/latex/graphics/graphicx.sty
Package: graphicx 2024/12/31 v1.2e Enhanced LaTeX Graphics (DPC,SPQR)
(/Users/juergen/Library/TinyTeX/texmf-dist/tex/latex/graphics/graphics.sty
Package: graphics 2024/08/06 v1.4g Standard LaTeX Graphics (DPC,SPQR)
(/Users/juergen/Library/TinyTeX/texmf-dist/tex/latex/graphics/trig.sty
Package: trig 2023/12/02 v1.11 sin cos tan (DPC)
) (/Users/juergen/Library/TinyTeX/texmf-dist/tex/latex/graphics-cfg/graphics.cfg
File: graphics.cfg 2016/06/04 v1.11 sample graphics configuration
)
Package graphics Info: Driver file: pdftex.def on input line 106.
)
\Gin@req@height=\dimen170
\Gin@req@width=\dimen171
)
\pandoc@box=\box56
(/Users/juergen/Library/TinyTeX/texmf-dist/tex/latex/bookmark/bookmark.sty
Package: bookmark 2023-12-10 v1.31 PDF bookmarks (HO)
(/Users/juergen/Library/TinyTeX/texmf-dist/tex/latex/hyperref/hyperref.sty
Package: hyperref 2025-07-12 v7.01o Hypertext links for LaTeX
(/Users/juergen/Library/TinyTeX/texmf-dist/tex/latex/kvsetkeys/kvsetkeys.sty
Package: kvsetkeys 2022-10-05 v1.19 Key value parser (HO)
) (/Users/juergen/Library/TinyTeX/texmf-dist/tex/generic/kvdefinekeys/kvdefinekeys.sty
Package: kvdefinekeys 2019-12-19 v1.6 Define keys (HO)
) (/Users/juergen/Library/TinyTeX/texmf-dist/tex/generic/pdfescape/pdfescape.sty
Package: pdfescape 2019/12/09 v1.15 Implements pdfTeX's escape features (HO)
(/Users/juergen/Library/TinyTeX/texmf-dist/tex/generic/ltxcmds/ltxcmds.sty
Package: ltxcmds 2023-12-04 v1.26 LaTeX kernel commands for general use (HO)
) (/Users/juergen/Library/TinyTeX/texmf-dist/tex/generic/pdftexcmds/pdftexcmds.sty
Package: pdftexcmds 2020-06-27 v0.33 Utility functions of pdfTeX for LuaTeX (HO)
(/Users/juergen/Library/TinyTeX/texmf-dist/tex/generic/infwarerr/infwarerr.sty
Package: infwarerr 2019/12/03 v1.5 Providing info/warning/error messages (HO)
)
Package pdftexcmds Info: \pdf@primitive is available.
Package pdftexcmds Info: \pdf@ifprimitive is available.
Package pdftexcmds Info: \pdfdraftmode found.
)) (/Users/juergen/Library/TinyTeX/texmf-dist/tex/latex/hycolor/hycolor.sty
Package: hycolor 2020-01-27 v1.10 Color options for hyperref/bookmark (HO)
) (/Users/juergen/Library/TinyTeX/texmf-dist/tex/latex/hyperref/nameref.sty
Package: nameref 2025-06-21 v2.57 Cross-referencing by name of section
(/Users/juergen/Library/TinyTeX/texmf-dist/tex/latex/refcount/refcount.sty
Package: refcount 2019/12/15 v3.6 Data extraction from label references (HO)
) (/Users/juergen/Library/TinyTeX/texmf-dist/tex/generic/gettitlestring/gettitlestring.sty
Package: gettitlestring 2019/12/15 v1.6 Cleanup title references (HO)
(/Users/juergen/Library/TinyTeX/texmf-dist/tex/latex/kvoptions/kvoptions.sty
Package: kvoptions 2022-06-15 v3.15 Key value format for package options (HO)
))
\c@section@level=\count301
) (/Users/juergen/Library/TinyTeX/texmf-dist/tex/latex/etoolbox/etoolbox.sty
Package: etoolbox 2025/10/02 v2.5m e-TeX tools for LaTeX (JAW)
\etb@tempcnta=\count302
) (/Users/juergen/Library/TinyTeX/texmf-dist/tex/generic/stringenc/stringenc.sty
Package: stringenc 2019/11/29 v1.12 Convert strings between diff. encodings (HO)
)
\@linkdim=\dimen172
\Hy@linkcounter=\count303
\Hy@pagecounter=\count304
(/Users/juergen/Library/TinyTeX/texmf-dist/tex/latex/hyperref/pd1enc.def
File: pd1enc.def 2025-07-12 v7.01o Hyperref: PDFDocEncoding definition (HO)
Now handling font encoding PD1 ...
... no UTF-8 mapping file for font encoding PD1
) (/Users/juergen/Library/TinyTeX/texmf-dist/tex/generic/intcalc/intcalc.sty
Package: intcalc 2019/12/15 v1.3 Expandable calculations with integers (HO)
)
\Hy@SavedSpaceFactor=\count305
(/Users/juergen/Library/TinyTeX/texmf-dist/tex/latex/hyperref/puenc.def
File: puenc.def 2025-07-12 v7.01o Hyperref: PDF Unicode definition (HO)
Now handling font encoding PU ...
... no UTF-8 mapping file for font encoding PU
)
Package hyperref Info: Option `unicode' set `true' on input line 4066.
Package hyperref Info: Hyper figures OFF on input line 4195.
Package hyperref Info: Link nesting OFF on input line 4200.
Package hyperref Info: Hyper index ON on input line 4203.
Package hyperref Info: Plain pages OFF on input line 4210.
Package hyperref Info: Backreferencing OFF on input line 4215.
Package hyperref Info: Implicit mode ON; LaTeX internals redefined.
Package hyperref Info: Bookmarks ON on input line 4462.
\c@Hy@tempcnt=\count306
(/Users/juergen/Library/TinyTeX/texmf-dist/tex/latex/url/url.sty
\Urlmuskip=\muskip18
Package: url 2013/09/16  ver 3.4  Verb mode for urls, etc.
)
LaTeX Info: Redefining \url on input line 4801.
\XeTeXLinkMargin=\dimen173
(/Users/juergen/Library/TinyTeX/texmf-dist/tex/generic/bitset/bitset.sty
Package: bitset 2019/12/09 v1.3 Handle bit-vector datatype (HO)
(/Users/juergen/Library/TinyTeX/texmf-dist/tex/generic/bigintcalc/bigintcalc.sty
Package: bigintcalc 2019/12/15 v1.5 Expandable calculations on big integers (HO)
))
\Fld@menulength=\count307
\Field@Width=\dimen174
\Fld@charsize=\dimen175
Package hyperref Info: Hyper figures OFF on input line 6078.
Package hyperref Info: Link nesting OFF on input line 6083.
Package hyperref Info: Hyper index ON on input line 6086.
Package hyperref Info: backreferencing OFF on input line 6093.
Package hyperref Info: Link coloring OFF on input line 6098.
Package hyperref Info: Link coloring with OCG OFF on input line 6103.
Package hyperref Info: PDF/A mode OFF on input line 6108.
\Hy@abspage=\count308
\c@Item=\count309
\c@Hfootnote=\count310
)
Package hyperref Info: Driver (autodetected): hpdftex.
(/Users/juergen/Library/TinyTeX/texmf-dist/tex/latex/hyperref/hpdftex.def
File: hpdftex.def 2025-07-12 v7.01o Hyperref driver for pdfTeX
\Fld@listcount=\count311
\c@bookmark@seq@number=\count312
(/Users/juergen/Library/TinyTeX/texmf-dist/tex/latex/rerunfilecheck/rerunfilecheck.sty
Package: rerunfilecheck 2025-06-21 v1.11 Rerun checks for auxiliary files (HO)
(/Users/juergen/Library/TinyTeX/texmf-dist/tex/generic/uniquecounter/uniquecounter.sty
Package: uniquecounter 2019/12/15 v1.4 Provide unlimited unique counter (HO)
)
Package uniquecounter Info: New unique counter `rerunfilecheck' on input line 284.
)
\Hy@SectionHShift=\skip55
) (/Users/juergen/Library/TinyTeX/texmf-dist/tex/latex/bookmark/bkm-pdftex.def
File: bkm-pdftex.def 2023-12-10 v1.31 bookmark driver for pdfTeX and luaTeX (HO)
\BKM@id=\count313
))
LaTeX Font Info:    Trying to load font information for T1+lmr on input line 108.
(/Users/juergen/Library/TinyTeX/texmf-dist/tex/latex/lm/t1lmr.fd
File: t1lmr.fd 2015/05/01 v1.6.1 Font defs for Latin Modern
) (/Users/juergen/Library/TinyTeX/texmf-dist/tex/latex/l3backend/l3backend-pdftex.def
File: l3backend-pdftex.def 2025-10-09 L3 backend support: PDF output (pdfTeX)
\l__color_backend_stack_int=\count314
) (./03-descriptive_stats.aux)
\openout1 = `03-descriptive_stats.aux'.

LaTeX Font Info:    Checking defaults for OML/cmm/m/it on input line 108.
LaTeX Font Info:    ... okay on input line 108.
LaTeX Font Info:    Checking defaults for OMS/cmsy/m/n on input line 108.
LaTeX Font Info:    ... okay on input line 108.
LaTeX Font Info:    Checking defaults for OT1/cmr/m/n on input line 108.
LaTeX Font Info:    ... okay on input line 108.
LaTeX Font Info:    Checking defaults for T1/cmr/m/n on input line 108.
LaTeX Font Info:    ... okay on input line 108.
LaTeX Font Info:    Checking defaults for TS1/cmr/m/n on input line 108.
LaTeX Font Info:    ... okay on input line 108.
LaTeX Font Info:    Checking defaults for OMX/cmex/m/n on input line 108.
LaTeX Font Info:    ... okay on input line 108.
LaTeX Font Info:    Checking defaults for U/cmr/m/n on input line 108.
LaTeX Font Info:    ... okay on input line 108.
LaTeX Font Info:    Checking defaults for PD1/pdf/m/n on input line 108.
LaTeX Font Info:    ... okay on input line 108.
LaTeX Font Info:    Checking defaults for PU/pdf/m/n on input line 108.
LaTeX Font Info:    ... okay on input line 108.
(/Users/juergen/Library/TinyTeX/texmf-dist/tex/latex/epstopdf-pkg/epstopdf-base.sty
Package: epstopdf-base 2020-01-24 v2.11 Base part for package epstopdf
Package epstopdf-base Info: Redefining graphics rule for `.eps' on input line 485.
(/Users/juergen/Library/TinyTeX/texmf-dist/tex/latex/latexconfig/epstopdf-sys.cfg
File: epstopdf-sys.cfg 2010/07/13 v1.3 Configuration of (r)epstopdf for TeX Live
))
*geometry* driver: auto-detecting
*geometry* detected driver: pdftex
*geometry* verbose mode - [ preamble ] result:
* driver: pdftex
* paper: <default>
* layout: <same size as paper>
* layoutoffset:(h,v)=(0.0pt,0.0pt)
* modes: 
* h-part:(L,W,R)=(72.26999pt, 469.75502pt, 72.26999pt)
* v-part:(T,H,B)=(72.26999pt, 650.43001pt, 72.26999pt)
* \paperwidth=614.295pt
* \paperheight=794.96999pt
* \textwidth=469.75502pt
* \textheight=650.43001pt
* \oddsidemargin=0.0pt
* \evensidemargin=0.0pt
* \topmargin=-37.0pt
* \headheight=12.0pt
* \headsep=25.0pt
* \topskip=10.0pt
* \footskip=30.0pt
* \marginparwidth=65.0pt
* \marginparsep=11.0pt
* \columnsep=10.0pt
* \skip\footins=9.0pt plus 4.0pt minus 2.0pt
* \hoffset=0.0pt
* \voffset=0.0pt
* \mag=1000
* \@twocolumnfalse
* \@twosidefalse
* \@mparswitchfalse
* \@reversemarginfalse
* (1in=72.27pt=25.4mm, 1cm=28.453pt)

Package hyperref Info: Link coloring OFF on input line 108.
LaTeX Font Info:    Trying to load font information for TS1+lmr on input line 121.
(/Users/juergen/Library/TinyTeX/texmf-dist/tex/latex/lm/ts1lmr.fd
File: ts1lmr.fd 2015/05/01 v1.6.1 Font defs for Latin Modern
)
LaTeX Font Info:    Trying to load font information for OT1+lmr on input line 202.
(/Users/juergen/Library/TinyTeX/texmf-dist/tex/latex/lm/ot1lmr.fd
File: ot1lmr.fd 2015/05/01 v1.6.1 Font defs for Latin Modern
)
LaTeX Font Info:    Trying to load font information for OML+lmm on input line 202.
(/Users/juergen/Library/TinyTeX/texmf-dist/tex/latex/lm/omllmm.fd
File: omllmm.fd 2015/05/01 v1.6.1 Font defs for Latin Modern
)
LaTeX Font Info:    Trying to load font information for OMS+lmsy on input line 202.
(/Users/juergen/Library/TinyTeX/texmf-dist/tex/latex/lm/omslmsy.fd
File: omslmsy.fd 2015/05/01 v1.6.1 Font defs for Latin Modern
)
LaTeX Font Info:    Trying to load font information for OMX+lmex on input line 202.
(/Users/juergen/Library/TinyTeX/texmf-dist/tex/latex/lm/omxlmex.fd
File: omxlmex.fd 2015/05/01 v1.6.1 Font defs for Latin Modern
)
LaTeX Font Info:    External font `lmex10' loaded for size
(Font)              <10> on input line 202.
LaTeX Font Info:    External font `lmex10' loaded for size
(Font)              <7> on input line 202.
LaTeX Font Info:    External font `lmex10' loaded for size
(Font)              <5> on input line 202.
LaTeX Font Info:    Trying to load font information for U+msa on input line 202.
(/Users/juergen/Library/TinyTeX/texmf-dist/tex/latex/amsfonts/umsa.fd
File: umsa.fd 2013/01/14 v3.01 AMS symbols A
)
LaTeX Font Info:    Trying to load font information for U+msb on input line 202.
(/Users/juergen/Library/TinyTeX/texmf-dist/tex/latex/amsfonts/umsb.fd
File: umsb.fd 2013/01/14 v3.01 AMS symbols B
)

LaTeX Warning: Hyper reference `independence_of_events' on page 1 undefined on input line 213.

[1

{/Users/juergen/Library/TinyTeX/texmf-var/fonts/map/pdftex/updmap/pdftex.map}{/Users/juergen/Library/TinyTeX/texmf-dist/fonts/enc/dvips/lm/lm-ec.enc}{/Users/juergen/Library/TinyTeX/texmf-dist/fonts/enc/dvips/lm/lm-ts1.enc}{/Users/juergen/Library/TinyTeX/texmf-dist/fonts/enc/dvips/lm/lm-mathit.enc}]
LaTeX Font Info:    Trying to load font information for T1+lmtt on input line 258.
(/Users/juergen/Library/TinyTeX/texmf-dist/tex/latex/lm/t1lmtt.fd
File: t1lmtt.fd 2015/05/01 v1.6.1 Font defs for Latin Modern
)
LaTeX Font Info:    Font shape `T1/lmtt/bx/n' in size <10> not available
(Font)              Font shape `T1/lmtt/b/n' tried instead on input line 259.
<03-descriptive_stats_files/figure-latex/unnamed-chunk-1-1.pdf, id=48, 459.7175pt x 313.17pt>
File: 03-descriptive_stats_files/figure-latex/unnamed-chunk-1-1.pdf Graphic file (type pdf)
<use 03-descriptive_stats_files/figure-latex/unnamed-chunk-1-1.pdf>
Package pdftex.def Info: 03-descriptive_stats_files/figure-latex/unnamed-chunk-1-1.pdf  used on input line 283.
(pdftex.def)             Requested size: 459.71637pt x 313.16922pt.
[2]
<03-descriptive_stats_files/figure-latex/unnamed-chunk-2-1.pdf, id=58, 459.7175pt x 313.17pt>
File: 03-descriptive_stats_files/figure-latex/unnamed-chunk-2-1.pdf Graphic file (type pdf)
<use 03-descriptive_stats_files/figure-latex/unnamed-chunk-2-1.pdf>
Package pdftex.def Info: 03-descriptive_stats_files/figure-latex/unnamed-chunk-2-1.pdf  used on input line 313.
(pdftex.def)             Requested size: 459.71637pt x 313.16922pt.
[3{/Users/juergen/Library/TinyTeX/texmf-dist/fonts/enc/dvips/lm/lm-rm.enc} <./03-descriptive_stats_files/figure-latex/unnamed-chunk-1-1.pdf>] [4 <./03-descriptive_stats_files/figure-latex/unnamed-chunk-2-1.pdf>]
<03-descriptive_stats_files/figure-latex/unnamed-chunk-4-1.pdf, id=93, 459.7175pt x 313.17pt>
File: 03-descriptive_stats_files/figure-latex/unnamed-chunk-4-1.pdf Graphic file (type pdf)
<use 03-descriptive_stats_files/figure-latex/unnamed-chunk-4-1.pdf>
Package pdftex.def Info: 03-descriptive_stats_files/figure-latex/unnamed-chunk-4-1.pdf  used on input line 408.
(pdftex.def)             Requested size: 459.71637pt x 313.16922pt.
[5] [6{/Users/juergen/Library/TinyTeX/texmf-dist/fonts/enc/dvips/lm/lm-mathsy.enc} <./03-descriptive_stats_files/figure-latex/unnamed-chunk-4-1.pdf>]
<03-descriptive_stats_files/figure-latex/unnamed-chunk-5-1.pdf, id=121, 459.7175pt x 313.17pt>
File: 03-descriptive_stats_files/figure-latex/unnamed-chunk-5-1.pdf Graphic file (type pdf)
<use 03-descriptive_stats_files/figure-latex/unnamed-chunk-5-1.pdf>
Package pdftex.def Info: 03-descriptive_stats_files/figure-latex/unnamed-chunk-5-1.pdf  used on input line 506.
(pdftex.def)             Requested size: 459.71637pt x 313.16922pt.
[7]
<03-descriptive_stats_files/figure-latex/unnamed-chunk-6-1.pdf, id=132, 436.63126pt x 285.065pt>
File: 03-descriptive_stats_files/figure-latex/unnamed-chunk-6-1.pdf Graphic file (type pdf)
<use 03-descriptive_stats_files/figure-latex/unnamed-chunk-6-1.pdf>
Package pdftex.def Info: 03-descriptive_stats_files/figure-latex/unnamed-chunk-6-1.pdf  used on input line 542.
(pdftex.def)             Requested size: 436.63019pt x 285.0643pt.
[8 <./03-descriptive_stats_files/figure-latex/unnamed-chunk-5-1.pdf>]
<03-descriptive_stats_files/figure-latex/unnamed-chunk-6-2.pdf, id=152, 436.63126pt x 285.065pt>
File: 03-descriptive_stats_files/figure-latex/unnamed-chunk-6-2.pdf Graphic file (type pdf)
<use 03-descriptive_stats_files/figure-latex/unnamed-chunk-6-2.pdf>
Package pdftex.def Info: 03-descriptive_stats_files/figure-latex/unnamed-chunk-6-2.pdf  used on input line 553.
(pdftex.def)             Requested size: 436.63019pt x 285.0643pt.
[9 <./03-descriptive_stats_files/figure-latex/unnamed-chunk-6-1.pdf> <./03-descriptive_stats_files/figure-latex/unnamed-chunk-6-2.pdf>]
<03-descriptive_stats_files/figure-latex/unnamed-chunk-6-3.pdf, id=175, 436.63126pt x 285.065pt>
File: 03-descriptive_stats_files/figure-latex/unnamed-chunk-6-3.pdf Graphic file (type pdf)
<use 03-descriptive_stats_files/figure-latex/unnamed-chunk-6-3.pdf>
Package pdftex.def Info: 03-descriptive_stats_files/figure-latex/unnamed-chunk-6-3.pdf  used on input line 564.
(pdftex.def)             Requested size: 436.63019pt x 285.0643pt.
[10 <./03-descriptive_stats_files/figure-latex/unnamed-chunk-6-3.pdf>] [11{/Users/juergen/Library/TinyTeX/texmf-dist/fonts/enc/dvips/lm/lm-mathex.enc}]
<03-descriptive_stats_files/figure-latex/unnamed-chunk-7-1.pdf, id=216, 458.71375pt x 316.18124pt>
File: 03-descriptive_stats_files/figure-latex/unnamed-chunk-7-1.pdf Graphic file (type pdf)
<use 03-descriptive_stats_files/figure-latex/unnamed-chunk-7-1.pdf>
Package pdftex.def Info: 03-descriptive_stats_files/figure-latex/unnamed-chunk-7-1.pdf  used on input line 758.
(pdftex.def)             Requested size: 458.71263pt x 316.18047pt.
[12] [13 <./03-descriptive_stats_files/figure-latex/unnamed-chunk-7-1.pdf>]
<03-descriptive_stats_files/figure-latex/unnamed-chunk-8-1.pdf, id=248, 462.72874pt x 314.17375pt>
File: 03-descriptive_stats_files/figure-latex/unnamed-chunk-8-1.pdf Graphic file (type pdf)
<use 03-descriptive_stats_files/figure-latex/unnamed-chunk-8-1.pdf>
Package pdftex.def Info: 03-descriptive_stats_files/figure-latex/unnamed-chunk-8-1.pdf  used on input line 860.
(pdftex.def)             Requested size: 462.72762pt x 314.17297pt.
[14] [15 <./03-descriptive_stats_files/figure-latex/unnamed-chunk-8-1.pdf>]
<03-descriptive_stats_files/figure-latex/unnamed-chunk-9-1.pdf, id=275, 434.62375pt x 248.93pt>
File: 03-descriptive_stats_files/figure-latex/unnamed-chunk-9-1.pdf Graphic file (type pdf)
<use 03-descriptive_stats_files/figure-latex/unnamed-chunk-9-1.pdf>
Package pdftex.def Info: 03-descriptive_stats_files/figure-latex/unnamed-chunk-9-1.pdf  used on input line 944.
(pdftex.def)             Requested size: 434.62268pt x 248.92938pt.
[16 <./03-descriptive_stats_files/figure-latex/unnamed-chunk-9-1.pdf>] [17] [18] [19]
Overfull \hbox (674.74165pt too wide) in paragraph at lines 1299--1299
[]\T1/lmtt/m/n/10 ##                                                                                                                                                                                                   properties_capacities[] 
 []


Overfull \hbox (674.74165pt too wide) in paragraph at lines 1299--1299
[]\T1/lmtt/m/n/10 ## 1  [{'categoryType': 'STANDARD', 'total': 48}, {'categoryType': 'DISABLED_PARKING_SPACE', 'total': 0}, {'categoryType': 'RESERVABLE_PARKING_SPACE', 'total': 0}, {'categoryType': 'WITH_CHARGING_STATION', 'total': 0}][] 
 []


Overfull \hbox (674.74165pt too wide) in paragraph at lines 1299--1299
[]\T1/lmtt/m/n/10 ## 2  [{'categoryType': 'STANDARD', 'total': 48}, {'categoryType': 'DISABLED_PARKING_SPACE', 'total': 0}, {'categoryType': 'RESERVABLE_PARKING_SPACE', 'total': 0}, {'categoryType': 'WITH_CHARGING_STATION', 'total': 0}][] 
 []


Overfull \hbox (674.74165pt too wide) in paragraph at lines 1299--1299
[]\T1/lmtt/m/n/10 ## 3  [{'categoryType': 'STANDARD', 'total': 80}, {'categoryType': 'DISABLED_PARKING_SPACE', 'total': 0}, {'categoryType': 'RESERVABLE_PARKING_SPACE', 'total': 0}, {'categoryType': 'WITH_CHARGING_STATION', 'total': 0}][] 
 []


Overfull \hbox (674.74165pt too wide) in paragraph at lines 1299--1299
[]\T1/lmtt/m/n/10 ## 4 [{'categoryType': 'STANDARD', 'total': 186}, {'categoryType': 'DISABLED_PARKING_SPACE', 'total': 0}, {'categoryType': 'RESERVABLE_PARKING_SPACE', 'total': 0}, {'categoryType': 'WITH_CHARGING_STATION', 'total': 0}][] 
 []


Overfull \hbox (674.74165pt too wide) in paragraph at lines 1299--1299
[]\T1/lmtt/m/n/10 ## 5 [{'categoryType': 'STANDARD', 'total': 230}, {'categoryType': 'DISABLED_PARKING_SPACE', 'total': 0}, {'categoryType': 'RESERVABLE_PARKING_SPACE', 'total': 0}, {'categoryType': 'WITH_CHARGING_STATION', 'total': 0}][] 
 []


Overfull \hbox (674.74165pt too wide) in paragraph at lines 1299--1299
[]\T1/lmtt/m/n/10 ## 6  [{'categoryType': 'STANDARD', 'total': 72}, {'categoryType': 'DISABLED_PARKING_SPACE', 'total': 0}, {'categoryType': 'RESERVABLE_PARKING_SPACE', 'total': 0}, {'categoryType': 'WITH_CHARGING_STATION', 'total': 0}][] 
 []


Overfull \hbox (3320.73396pt too wide) in paragraph at lines 1299--1299
[]\T1/lmtt/m/n/10 ##                                                                                                                                                                                                                                                                                                                                                                                                                                                                                                                                                                                                                                                                                                                   properties_bikeFacilityTraits[] 
 []


Overfull \hbox (3320.73396pt too wide) in paragraph at lines 1299--1299
[]\T1/lmtt/m/n/10 ## 1                                                                                                                                                                                                                                                                                                                                                                                                                                                                                                                                                                                                                                                                                                                                          <NA>[] 
 []


Overfull \hbox (3320.73396pt too wide) in paragraph at lines 1299--1299
[]\T1/lmtt/m/n/10 ## 2                                                                                                                                                                                                                                                                                                                                                                                                                                                                                                                                                                                                                                                                                                                                          <NA>[] 
 []


Overfull \hbox (3320.73396pt too wide) in paragraph at lines 1299--1299
[]\T1/lmtt/m/n/10 ## 3                                                                                                                                                                                                                                                                                                                                                                                                                                                                                                                                                                                                                                                                                                                                          <NA>[] 
 []


Overfull \hbox (3320.73396pt too wide) in paragraph at lines 1299--1299
[]\T1/lmtt/m/n/10 ## 4                                                                                                                                                                                                                                                                                                                                                                                                                                                                                                                                                        [{'bikeFacilityTraitId': '74de7b37-e6ce-43cb-a5bb-6283a6e87d5b', 'bikeFacilityTraitNameI18n': {'de': 'Doppelstock', 'en': ' Double level', 'it': ' Due piani', 'fr': ' Deux étages'}}][] 
 []


Overfull \hbox (3320.73396pt too wide) in paragraph at lines 1299--1299
[]\T1/lmtt/m/n/10 ## 5 [{'bikeFacilityTraitId': '552fd1ef-bbc7-4eb7-8ef4-12901aff5250', 'bikeFacilityTraitNameI18n': {'de': '24h-Zugang mit velocity.ch', 'en': ' 24h access with velocity.ch', 'it': ' Accesso 24 ore su 24 con velocity.ch', 'fr': ' Accès 24h/24 avec velocity.ch'}}, {'bikeFacilityTraitId': '74de7b37-e6ce-43cb-a5bb-6283a6e87d5b', 'bikeFacilityTraitNameI18n': {'de': 'Doppelstock', 'en': ' Double level', 'it': ' Due piani', 'fr': ' Deux étages'}}, {'bikeFacilityTraitId': 'ef596249-6ff8-4484-b30f-91fb1a93588e', 'bikeFacilityTraitNameI18n': {'de': 'Self-Service-Reparaturwerkzeuge', 'en': ' Self-service repair tools', 'it': ' Attrezzi per riparazioni self-service', 'fr': ' Outils en libre-service pour réparer les vélos'}}][] 
 []


Overfull \hbox (3320.73396pt too wide) in paragraph at lines 1299--1299
[]\T1/lmtt/m/n/10 ## 6                                                                                                                                                                                                                                                                                                                                                                                                                                                                                                                                                                                                                                                                                                                                          <NA>[] 
 []


Overfull \hbox (55.24345pt too wide) in paragraph at lines 1299--1299
[]\T1/lmtt/m/n/10 ##                                                                                      openingHours[] 
 []


Overfull \hbox (55.24345pt too wide) in paragraph at lines 1299--1299
[]\T1/lmtt/m/n/10 ## 1                                                                                            <NA>[] 
 []


Overfull \hbox (55.24345pt too wide) in paragraph at lines 1299--1299
[]\T1/lmtt/m/n/10 ## 2                                                                                            <NA>[] 
 []


Overfull \hbox (55.24345pt too wide) in paragraph at lines 1299--1299
[]\T1/lmtt/m/n/10 ## 3                                                                                            <NA>[] 
 []


Overfull \hbox (55.24345pt too wide) in paragraph at lines 1299--1299
[]\T1/lmtt/m/n/10 ## 4                                                                                            <NA>[] 
 []


Overfull \hbox (55.24345pt too wide) in paragraph at lines 1299--1299
[]\T1/lmtt/m/n/10 ## 5 [{'slots': [{'weekdayFrom': 'Mo', 'weekdayTo': 'Su', 'timeFrom': '00:00', 'timeTo': '23:59'}]}][] 
 []


Overfull \hbox (55.24345pt too wide) in paragraph at lines 1299--1299
[]\T1/lmtt/m/n/10 ## 6                                                                                            <NA>[] 
 []

[20]
Overfull \hbox (343.99261pt too wide) in paragraph at lines 1299--1299
[]\T1/lmtt/m/n/10 ##                                                                                                                                 properties_operationTime[] 
 []


Overfull \hbox (343.99261pt too wide) in paragraph at lines 1299--1299
[]\T1/lmtt/m/n/10 ## 1                                                                                                                                                   <NA>[] 
 []


Overfull \hbox (343.99261pt too wide) in paragraph at lines 1299--1299
[]\T1/lmtt/m/n/10 ## 2                                                                                                                                                   <NA>[] 
 []


Overfull \hbox (343.99261pt too wide) in paragraph at lines 1299--1299
[]\T1/lmtt/m/n/10 ## 3                                                                                                                                                   <NA>[] 
 []


Overfull \hbox (343.99261pt too wide) in paragraph at lines 1299--1299
[]\T1/lmtt/m/n/10 ## 4                                                                                                                                                   <NA>[] 
 []


Overfull \hbox (343.99261pt too wide) in paragraph at lines 1299--1299
[]\T1/lmtt/m/n/10 ## 5 {'operatingFrom': '00:00:00', 'operatingTo': '00:00:00', 'daysOfWeek': ['MONDAY', 'TUESDAY', 'WEDNESDAY', 'THURSDAY', 'FRIDAY', 'SATURDAY', 'SUNDAY']}[] 
 []


Overfull \hbox (343.99261pt too wide) in paragraph at lines 1299--1299
[]\T1/lmtt/m/n/10 ## 6                                                                                                                                                   <NA>[] 
 []

[21]
Overfull \hbox (265.24284pt too wide) in paragraph at lines 1373--1373
[]\T1/lmtt/m/n/10 ## file:////private/var/folders/pm/jd6n6gj10371_bml1gh8sc5w0000gn/T/RtmpRj7KUC/fileb7ea3195c1dc/widgetb7ea5eea6bf2.html screenshot completed[] 
 []

<03-descriptive_stats_files/figure-latex/unnamed-chunk-11-1.pdf, id=317, 543.02875pt x 721.69624pt>
File: 03-descriptive_stats_files/figure-latex/unnamed-chunk-11-1.pdf Graphic file (type pdf)
<use 03-descriptive_stats_files/figure-latex/unnamed-chunk-11-1.pdf>
Package pdftex.def Info: 03-descriptive_stats_files/figure-latex/unnamed-chunk-11-1.pdf  used on input line 1375.
(pdftex.def)             Requested size: 543.0274pt x 721.69449pt.
[22] [23 <./03-descriptive_stats_files/figure-latex/unnamed-chunk-11-1.pdf>]
<03-descriptive_stats_files/figure-latex/unnamed-chunk-13-1.pdf, id=375, 436.63126pt x 283.0575pt>
File: 03-descriptive_stats_files/figure-latex/unnamed-chunk-13-1.pdf Graphic file (type pdf)
<use 03-descriptive_stats_files/figure-latex/unnamed-chunk-13-1.pdf>
Package pdftex.def Info: 03-descriptive_stats_files/figure-latex/unnamed-chunk-13-1.pdf  used on input line 1462.
(pdftex.def)             Requested size: 436.63019pt x 283.0568pt.
[24]
<03-descriptive_stats_files/figure-latex/unnamed-chunk-14-1.pdf, id=385, 436.63126pt x 285.065pt>
File: 03-descriptive_stats_files/figure-latex/unnamed-chunk-14-1.pdf Graphic file (type pdf)
<use 03-descriptive_stats_files/figure-latex/unnamed-chunk-14-1.pdf>
Package pdftex.def Info: 03-descriptive_stats_files/figure-latex/unnamed-chunk-14-1.pdf  used on input line 1486.
(pdftex.def)             Requested size: 436.63019pt x 285.0643pt.
[25 <./03-descriptive_stats_files/figure-latex/unnamed-chunk-13-1.pdf>]
<03-descriptive_stats_files/figure-latex/unnamed-chunk-14-2.pdf, id=400, 436.63126pt x 285.065pt>
File: 03-descriptive_stats_files/figure-latex/unnamed-chunk-14-2.pdf Graphic file (type pdf)
<use 03-descriptive_stats_files/figure-latex/unnamed-chunk-14-2.pdf>
Package pdftex.def Info: 03-descriptive_stats_files/figure-latex/unnamed-chunk-14-2.pdf  used on input line 1492.
(pdftex.def)             Requested size: 436.63019pt x 285.0643pt.
<03-descriptive_stats_files/figure-latex/unnamed-chunk-14-3.pdf, id=401, 436.63126pt x 285.065pt>
File: 03-descriptive_stats_files/figure-latex/unnamed-chunk-14-3.pdf Graphic file (type pdf)
<use 03-descriptive_stats_files/figure-latex/unnamed-chunk-14-3.pdf>
Package pdftex.def Info: 03-descriptive_stats_files/figure-latex/unnamed-chunk-14-3.pdf  used on input line 1498.
(pdftex.def)             Requested size: 436.63019pt x 285.0643pt.
[26 <./03-descriptive_stats_files/figure-latex/unnamed-chunk-14-1.pdf> <./03-descriptive_stats_files/figure-latex/unnamed-chunk-14-2.pdf>]
<03-descriptive_stats_files/figure-latex/unnamed-chunk-15-1.pdf, id=427, 457.71pt x 313.17pt>
File: 03-descriptive_stats_files/figure-latex/unnamed-chunk-15-1.pdf Graphic file (type pdf)
<use 03-descriptive_stats_files/figure-latex/unnamed-chunk-15-1.pdf>
Package pdftex.def Info: 03-descriptive_stats_files/figure-latex/unnamed-chunk-15-1.pdf  used on input line 1527.
(pdftex.def)             Requested size: 457.7089pt x 313.16922pt.
[27 <./03-descriptive_stats_files/figure-latex/unnamed-chunk-14-3.pdf>] [28 <./03-descriptive_stats_files/figure-latex/unnamed-chunk-15-1.pdf>] (./03-descriptive_stats.aux)
 ***********
LaTeX2e <2025-11-01>
L3 programming layer <2025-10-24>
 ***********

LaTeX Warning: There were undefined references.

 ) 
Here is how much of TeX's memory you used:
 11736 strings out of 469519
 186169 string characters out of 5468987
 688935 words of memory out of 5000000
 40161 multiletter control sequences out of 15000+600000
 670275 words of font info for 70 fonts, out of 8000000 for 9000
 14 hyphenation exceptions out of 8191
 89i,6n,93p,964b,632s stack positions out of 10000i,1000n,20000p,200000b,200000s
</Users/juergen/Library/TinyTeX/texmf-dist/fonts/type1/public/lm/lmbx10.pfb></Users/juergen/Library/TinyTeX/texmf-dist/fonts/type1/public/lm/lmbx12.pfb></Users/juergen/Library/TinyTeX/texmf-dist/fonts/type1/public/lm/lmex10.pfb></Users/juergen/Library/TinyTeX/texmf-dist/fonts/type1/public/lm/lmmi10.pfb></Users/juergen/Library/TinyTeX/texmf-dist/fonts/type1/public/lm/lmmi5.pfb></Users/juergen/Library/TinyTeX/texmf-dist/fonts/type1/public/lm/lmmi7.pfb></Users/juergen/Library/TinyTeX/texmf-dist/fonts/type1/public/lm/lmr10.pfb></Users/juergen/Library/TinyTeX/texmf-dist/fonts/type1/public/lm/lmr5.pfb></Users/juergen/Library/TinyTeX/texmf-dist/fonts/type1/public/lm/lmr7.pfb></Users/juergen/Library/TinyTeX/texmf-dist/fonts/type1/public/lm/lmri10.pfb></Users/juergen/Library/TinyTeX/texmf-dist/fonts/type1/public/lm/lmsy10.pfb></Users/juergen/Library/TinyTeX/texmf-dist/fonts/type1/public/lm/lmsy7.pfb></Users/juergen/Library/TinyTeX/texmf-dist/fonts/type1/public/lm/lmtk10.pfb></Users/juergen/Library/TinyTeX/texmf-dist/fonts/type1/public/lm/lmtt10.pfb></Users/juergen/Library/TinyTeX/texmf-dist/fonts/type1/public/lm/lmtti10.pfb>
Output written on 03-descriptive_stats.pdf (28 pages, 2473040 bytes).
PDF statistics:
 620 PDF objects out of 1000 (max. 8388607)
 482 compressed objects within 5 object streams
 54 named destinations out of 1000 (max. 500000)
 281 words of extra memory for PDF output out of 10000 (max. 10000000)

